2022-09-27  4:21:31 0 [Note] InnoDB: Mutexes and rw_locks use Windows interlocked functions
2022-09-27  4:21:31 0 [Note] InnoDB: Uses event mutexes
2022-09-27  4:21:31 0 [Note] InnoDB: Compressed tables use zlib 1.2.11
2022-09-27  4:21:31 0 [Note] InnoDB: Number of pools: 1
2022-09-27  4:21:31 0 [Note] InnoDB: Using SSE2 crc32 instructions
2022-09-27  4:21:31 0 [Note] InnoDB: Initializing buffer pool, total size = 16M, instances = 1, chunk size = 16M
2022-09-27  4:21:31 0 [Note] InnoDB: Completed initialization of buffer pool
2022-09-27  4:21:32 0 [Note] InnoDB: 128 out of 128 rollback segments are active.
2022-09-27  4:21:32 0 [Note] InnoDB: Creating shared tablespace for temporary tables
2022-09-27  4:21:32 0 [Note] InnoDB: Setting file 'C:\xampp\mysql\data\ibtmp1' size to 12 MB. Physically writing the file full; Please wait ...
2022-09-27  4:21:32 0 [Note] InnoDB: File 'C:\xampp\mysql\data\ibtmp1' size is now 12 MB.
2022-09-27  4:21:32 0 [Note] InnoDB: Waiting for purge to start
2022-09-27  4:21:32 0 [Note] InnoDB: 10.4.24 started; log sequence number 5541058; transaction id 11275
2022-09-27  4:21:32 0 [Note] InnoDB: Loading buffer pool(s) from C:\xampp\mysql\data\ib_buffer_pool
2022-09-27  4:21:32 0 [Note] Plugin 'FEEDBACK' is disabled.
2022-09-27  4:21:32 0 [Note] Server socket created on IP: '::'.
2022-09-27  4:21:32 0 [ERROR] InnoDB: The innodb_system data file 'ibdata1' must be writable
2022-09-27  4:21:32 0 [ERROR] InnoDB: The innodb_system data file 'ibdata1' must be writable
2022-09-27  4:21:32 0 [ERROR] Plugin 'InnoDB' init function returned error.
2022-09-27  4:21:32 0 [ERROR] Plugin 'InnoDB' registration as a STORAGE ENGINE failed.
2022-09-27  4:21:32 0 [Note] Plugin 'FEEDBACK' is disabled.
2022-09-27  4:21:32 0 [ERROR] Unknown/unsupported storage engine: InnoDB
2022-09-27  4:21:32 0 [ERROR] Aborting
2022-09-27  4:21:32 0 [ERROR] InnoDB: The innodb_system data file 'ibdata1' must be writable
2022-09-27  4:21:32 0 [ERROR] InnoDB: The innodb_system data file 'ibdata1' must be writable
2022-09-27  4:21:32 0 [ERROR] Plugin 'InnoDB' init function returned error.
2022-09-27  4:21:32 0 [ERROR] Plugin 'InnoDB' registration as a STORAGE ENGINE failed.
2022-09-27  4:21:32 0 [Note] Plugin 'FEEDBACK' is disabled.
2022-09-27  4:21:32 0 [ERROR] Unknown/unsupported storage engine: InnoDB
2022-09-27  4:21:32 0 [ERROR] Aborting
2022-09-27  4:21:36 0 [Note] InnoDB: Mutexes and rw_locks use Windows interlocked functions
2022-09-27  4:21:36 0 [Note] InnoDB: Uses event mutexes
2022-09-27  4:21:36 0 [Note] InnoDB: Compressed tables use zlib 1.2.11
2022-09-27  4:21:36 0 [Note] InnoDB: Number of pools: 1
2022-09-27  4:21:36 0 [Note] InnoDB: Using SSE2 crc32 instructions
2022-09-27  4:21:36 0 [Note] InnoDB: Initializing buffer pool, total size = 16M, instances = 1, chunk size = 16M
2022-09-27  4:21:36 0 [Note] InnoDB: Completed initialization of buffer pool
2022-09-27  4:21:36 0 [Note] InnoDB: 128 out of 128 rollback segments are active.
2022-09-27  4:21:36 0 [Note] InnoDB: Removed temporary tablespace data file: "ibtmp1"
2022-09-27  4:21:36 0 [Note] InnoDB: Creating shared tablespace for temporary tables
2022-09-27  4:21:36 0 [Note] InnoDB: Setting file 'C:\xampp\mysql\data\ibtmp1' size to 12 MB. Physically writing the file full; Please wait ...
2022-09-27  4:21:36 0 [Note] InnoDB: File 'C:\xampp\mysql\data\ibtmp1' size is now 12 MB.
2022-09-27  4:21:36 0 [Note] InnoDB: Waiting for purge to start
2022-09-27  4:21:36 0 [Note] InnoDB: 10.4.24 started; log sequence number 5541058; transaction id 11275
2022-09-27  4:21:36 0 [Note] InnoDB: Loading buffer pool(s) from C:\xampp\mysql\data\ib_buffer_pool
2022-09-27  4:21:36 0 [Note] Plugin 'FEEDBACK' is disabled.
2022-09-27  4:21:36 0 [Note] Server socket created on IP: '::'.
2022-09-27  4:21:52 0 [Note] InnoDB: Mutexes and rw_locks use Windows interlocked functions
2022-09-27  4:21:52 0 [Note] InnoDB: Uses event mutexes
2022-09-27  4:21:52 0 [Note] InnoDB: Compressed tables use zlib 1.2.11
2022-09-27  4:21:52 0 [Note] InnoDB: Number of pools: 1
2022-09-27  4:21:52 0 [Note] InnoDB: Using SSE2 crc32 instructions
2022-09-27  4:21:52 0 [Note] InnoDB: Initializing buffer pool, total size = 16M, instances = 1, chunk size = 16M
2022-09-27  4:21:52 0 [Note] InnoDB: Completed initialization of buffer pool
2022-09-27  4:21:52 0 [Note] InnoDB: 128 out of 128 rollback segments are active.
2022-09-27  4:21:52 0 [Note] InnoDB: Creating shared tablespace for temporary tables
2022-09-27  4:21:52 0 [Note] InnoDB: Setting file 'C:\xampp\mysql\data\ibtmp1' size to 12 MB. Physically writing the file full; Please wait ...
2022-09-27  4:21:52 0 [Note] InnoDB: File 'C:\xampp\mysql\data\ibtmp1' size is now 12 MB.
2022-09-27  4:21:52 0 [Note] InnoDB: Waiting for purge to start
2022-09-27  4:21:52 0 [Note] InnoDB: 10.4.24 started; log sequence number 5541067; transaction id 11275
2022-09-27  4:21:52 0 [Note] InnoDB: Loading buffer pool(s) from C:\xampp\mysql\data\ib_buffer_pool
2022-09-27  4:21:52 0 [Note] Plugin 'FEEDBACK' is disabled.
2022-09-27  4:21:52 0 [Note] Server socket created on IP: '::'.
2022-09-27  4:22:12 0 [Note] InnoDB: Mutexes and rw_locks use Windows interlocked functions
2022-09-27  4:22:12 0 [Note] InnoDB: Uses event mutexes
2022-09-27  4:22:12 0 [Note] InnoDB: Compressed tables use zlib 1.2.11
2022-09-27  4:22:12 0 [Note] InnoDB: Number of pools: 1
2022-09-27  4:22:12 0 [Note] InnoDB: Using SSE2 crc32 instructions
2022-09-27  4:22:12 0 [Note] InnoDB: Initializing buffer pool, total size = 16M, instances = 1, chunk size = 16M
2022-09-27  4:22:12 0 [Note] InnoDB: Completed initialization of buffer pool
2022-09-27  4:22:12 0 [Note] InnoDB: 128 out of 128 rollback segments are active.
2022-09-27  4:22:12 0 [Note] InnoDB: Creating shared tablespace for temporary tables
2022-09-27  4:22:12 0 [Note] InnoDB: Setting file 'C:\xampp\mysql\data\ibtmp1' size to 12 MB. Physically writing the file full; Please wait ...
2022-09-27  4:22:12 0 [Note] InnoDB: File 'C:\xampp\mysql\data\ibtmp1' size is now 12 MB.
2022-09-27  4:22:12 0 [Note] InnoDB: Waiting for purge to start
2022-09-27  4:22:12 0 [Note] InnoDB: 10.4.24 started; log sequence number 5541076; transaction id 11275
2022-09-27  4:22:12 0 [Note] InnoDB: Loading buffer pool(s) from C:\xampp\mysql\data\ib_buffer_pool
2022-09-27  4:22:12 0 [Note] Plugin 'FEEDBACK' is disabled.
2022-09-27  4:22:12 0 [Note] Server socket created on IP: '::'.
2022-09-27 12:00:45 0 [Note] InnoDB: Mutexes and rw_locks use Windows interlocked functions
2022-09-27 12:00:45 0 [Note] InnoDB: Uses event mutexes
2022-09-27 12:00:45 0 [Note] InnoDB: Compressed tables use zlib 1.2.11
2022-09-27 12:00:45 0 [Note] InnoDB: Number of pools: 1
2022-09-27 12:00:45 0 [Note] InnoDB: Using SSE2 crc32 instructions
2022-09-27 12:00:45 0 [Note] InnoDB: Initializing buffer pool, total size = 16M, instances = 1, chunk size = 16M
2022-09-27 12:00:45 0 [Note] InnoDB: Completed initialization of buffer pool
2022-09-27 12:00:46 0 [Note] InnoDB: 128 out of 128 rollback segments are active.
2022-09-27 12:00:46 0 [Note] InnoDB: Creating shared tablespace for temporary tables
2022-09-27 12:00:46 0 [Note] InnoDB: Setting file 'C:\xampp\mysql\data\ibtmp1' size to 12 MB. Physically writing the file full; Please wait ...
2022-09-27 12:00:46 0 [Note] InnoDB: File 'C:\xampp\mysql\data\ibtmp1' size is now 12 MB.
2022-09-27 12:00:46 0 [Note] InnoDB: Waiting for purge to start
2022-09-27 12:00:46 0 [Note] InnoDB: 10.4.24 started; log sequence number 5541085; transaction id 11275
2022-09-27 12:00:46 0 [Note] InnoDB: Loading buffer pool(s) from C:\xampp\mysql\data\ib_buffer_pool
2022-09-27 12:00:46 0 [Note] Plugin 'FEEDBACK' is disabled.
2022-09-27 12:00:46 0 [Note] InnoDB: Buffer pool(s) load completed at 220927 12:00:46
2022-09-27 12:00:46 0 [Note] Server socket created on IP: '::'.
